<?xml version="1.0" encoding="UTF-8"?>
<testng-results ignored="0" total="1" passed="1" failed="0" skipped="0">
  <reporter-output>
    <line>
      <![CDATA[Setting up reports and Test is getting ready]]>
    </line>
    <line>
      <![CDATA[Setting done - Test can be started]]>
    </line>
    <line>
      <![CDATA[Trying to start Browser and getting application ready]]>
    </line>
    <line>
      <![CDATA[Browser and Application is up and running]]>
    </line>
    <line>
      <![CDATA[Test is about to end]]>
    </line>
    <line>
      <![CDATA[Test Completed >>> Reports Generated]]>
    </line>
    <line>
      <![CDATA[Browser closed successfully]]>
    </line>
  </reporter-output>
  <suite started-at="2025-03-20T17:29:43Z" name="Default suite" finished-at="2025-03-20T17:29:54Z" duration-ms="11043">
    <groups>
    </groups>
    <test started-at="2025-03-20T17:29:43Z" name="Default test" finished-at="2025-03-20T17:29:54Z" duration-ms="11043">
      <class name="com.automation.testcases.LoginTestDemoApp">
        <test-method is-config="true" signature="setUpSuite()[pri:0, instance:com.automation.testcases.LoginTestDemoApp@1fb669c3]" started-at="2025-03-20T17:29:42Z" name="setUpSuite" finished-at="2025-03-20T17:29:43Z" duration-ms="594" status="PASS">
          <reporter-output>
            <line>
              <![CDATA[Setting up reports and Test is getting ready]]>
            </line>
            <line>
              <![CDATA[Setting done - Test can be started]]>
            </line>
          </reporter-output>
        </test-method> <!-- setUpSuite -->
        <test-method is-config="true" signature="setup()[pri:0, instance:com.automation.testcases.LoginTestDemoApp@1fb669c3]" started-at="2025-03-20T17:29:43Z" name="setup" finished-at="2025-03-20T17:29:49Z" duration-ms="6174" status="PASS">
          <reporter-output>
            <line>
              <![CDATA[Trying to start Browser and getting application ready]]>
            </line>
            <line>
              <![CDATA[Browser and Application is up and running]]>
            </line>
          </reporter-output>
        </test-method> <!-- setup -->
        <test-method signature="loginDemoApp()[pri:0, instance:com.automation.testcases.LoginTestDemoApp@1fb669c3]" started-at="2025-03-20T17:29:49Z" name="loginDemoApp" finished-at="2025-03-20T17:29:52Z" duration-ms="3598" status="PASS">
          <reporter-output>
          </reporter-output>
        </test-method> <!-- loginDemoApp -->
        <test-method is-config="true" signature="tearDownMethod(org.testng.ITestResult)[pri:0, instance:com.automation.testcases.LoginTestDemoApp@1fb669c3]" started-at="2025-03-20T17:29:52Z" name="tearDownMethod" finished-at="2025-03-20T17:29:53Z" duration-ms="894" status="PASS">
          <params>
            <param index="0">
              <value>
                <![CDATA[[TestResult name=loginDemoApp status=SUCCESS method=LoginTestDemoApp.loginDemoApp()[pri:0, instance:com.automation.testcases.LoginTestDemoApp@1fb669c3] output={null}]]]>
              </value>
            </param>
          </params>
          <reporter-output>
            <line>
              <![CDATA[Test is about to end]]>
            </line>
            <line>
              <![CDATA[Test Completed >>> Reports Generated]]>
            </line>
          </reporter-output>
        </test-method> <!-- tearDownMethod -->
        <test-method is-config="true" signature="tearDown()[pri:0, instance:com.automation.testcases.LoginTestDemoApp@1fb669c3]" started-at="2025-03-20T17:29:53Z" name="tearDown" finished-at="2025-03-20T17:29:54Z" duration-ms="356" status="PASS">
          <reporter-output>
            <line>
              <![CDATA[Browser closed successfully]]>
            </line>
          </reporter-output>
        </test-method> <!-- tearDown -->
      </class> <!-- com.automation.testcases.LoginTestDemoApp -->
    </test> <!-- Default test -->
  </suite> <!-- Default suite -->
</testng-results>
