<?xml version="1.0" encoding="UTF-8"?>
<!-- Generated by org.testng.reporters.JUnitXMLReporter -->
<testsuite ignored="0" hostname="LAPTOP-S9GJVKJA" failures="1" tests="1" name="Test" time="4.224" errors="0" timestamp="18 Mar 2025 20:06:09 GMT">
  <testcase classname="com.automation.testcases.LoginTestDemoApp" name="loginDemoApp" time="0.004">
    <failure type="java.lang.Error" message="Unresolved compilation problem: 
	The method logintoDemo(String, String) in the type LoginPage is not applicable for the arguments (void, void)
">
      <![CDATA[java.lang.Error: Unresolved compilation problem: 
The method logintoDemo(String, String) in the type LoginPage is not applicable for the arguments (void, void)

at com.automation.testcases.LoginTestDemoApp.loginDemoApp(LoginTestDemoApp.java:21)
... Removed 25 stack frames]]>
    </failure>
  </testcase> <!-- loginDemoApp -->
</testsuite> <!-- Test -->
